---
2025-10-19T08:22:45.989Z
Name: Hasini Navindya Weerasundara
Email: example@gmail.com
Subject: 
Message:
hi
---
2025-10-19T08:26:02.583Z
Name: Hasini Navindya Weerasundara
Email: hasini.navindya001@gmail.com
Subject: 
Message:
nm
---
2025-10-19T18:03:33.268Z
Name: Hasini Navindya Weerasundara
Email: example@gmail.com
Subject: 1st mail
Message:
hi
---
2025-10-19T18:09:06.275Z
Name: Hasini Navindya Weerasundara
Email: example@gmail.com
Subject: 1st mail
Message:
hi
---
2025-10-31T04:10:23.917Z
Name: Hasini Navindya Weerasundara
Email: hasini.navindya001@gmail.com
Subject: 1st mail
Message:
hi
---
2025-10-31T06:52:32.139Z
Name: Hasini Navindya Weerasundara
Email: example001@gmail.com
Subject: 1st mail
Message:
www
---
2025-10-31T06:59:54.620Z
Name: Hasini Navindya Weerasundara
Email: example@gmail.com
Subject: 1st mail
Message:
xsa
